  Compiling CUDA source file kernel.cu...
  
  C:\Users\epour\Documents\GitHub\Picture_contrast_enhance_CUDA\image_enhancer>"C:\Program Files\NVIDIA GPU Computing Toolkit\CUDA\v10.1\bin\nvcc.exe" -gencode=arch=compute_75,code=\"sm_75,compute_75\" -gencode=arch=compute_35,code=\"sm_35,compute_35\" --use-local-env -ccbin "C:\Program Files (x86)\Microsoft Visual Studio\2019\Community\VC\Tools\MSVC\14.23.28105\bin\HostX86\x64" -x cu -rdc=true -I"C:\Program Files\opencv\build\include" -I"C:\Program Files\NVIDIA GPU Computing Toolkit\CUDA\v10.1\include" -I"C:\Program Files\NVIDIA GPU Computing Toolkit\CUDA\v10.1\include"  -G   --keep-dir x64\Debug -maxrregcount=0  --machine 64 --compile -cudart static  -g   -DWIN32 -DWIN64 -D_DEBUG -D_CONSOLE -D_MBCS -Xcompiler "/EHsc /W3 /nologo /Od /Fdx64\Debug\vc142.pdb /FS /Zi /RTC1 /MDd " -o x64\Debug\kernel.cu.obj "C:\Users\epour\Documents\GitHub\Picture_contrast_enhance_CUDA\image_enhancer\kernel.cu" 
C:/Users/epour/Documents/GitHub/Picture_contrast_enhance_CUDA/image_enhancer/kernel.cu(6): warning C4005: 'MIN': macro redefinition
C:/Users/epour/Documents/GitHub/Picture_contrast_enhance_CUDA/image_enhancer/kernel.cu(7): warning C4005: 'MAX': macro redefinition
C:\Program Files\opencv\build\include\opencv2/stitching/detail/warpers.hpp(213): warning : overloaded virtual function "cv::detail::PlaneWarper::buildMaps" is only partially overridden in class "cv::detail::AffineWarper"
  
C:\Program Files\opencv\build\include\opencv2/stitching/detail/warpers.hpp(213): warning : overloaded virtual function "cv::detail::PlaneWarper::warp" is only partially overridden in class "cv::detail::AffineWarper"
  
C:\Program Files\opencv\build\include\opencv2/stitching/detail/blenders.hpp(100): warning : overloaded virtual function "cv::detail::Blender::prepare" is only partially overridden in class "cv::detail::FeatherBlender"
  
C:\Program Files\opencv\build\include\opencv2/stitching/detail/blenders.hpp(127): warning : overloaded virtual function "cv::detail::Blender::prepare" is only partially overridden in class "cv::detail::MultiBandBlender"
  
C:/Users/epour/Documents/GitHub/Picture_contrast_enhance_CUDA/image_enhancer/kernel.cu(53): warning : transfer of control bypasses initialization of:
              variable "size_grid_enhance"
  (88): here
              variable "size_block_enhance"
  (88): here
  
C:/Users/epour/Documents/GitHub/Picture_contrast_enhance_CUDA/image_enhancer/kernel.cu(6): warning C4005: 'MIN': macro redefinition
C:/Users/epour/Documents/GitHub/Picture_contrast_enhance_CUDA/image_enhancer/kernel.cu(7): warning C4005: 'MAX': macro redefinition
C:\Program Files\opencv\build\include\opencv2/stitching/detail/warpers.hpp(213): warning : overloaded virtual function "cv::detail::PlaneWarper::buildMaps" is only partially overridden in class "cv::detail::AffineWarper"
  
C:\Program Files\opencv\build\include\opencv2/stitching/detail/warpers.hpp(213): warning : overloaded virtual function "cv::detail::PlaneWarper::warp" is only partially overridden in class "cv::detail::AffineWarper"
  
C:\Program Files\opencv\build\include\opencv2/stitching/detail/blenders.hpp(100): warning : overloaded virtual function "cv::detail::Blender::prepare" is only partially overridden in class "cv::detail::FeatherBlender"
  
C:\Program Files\opencv\build\include\opencv2/stitching/detail/blenders.hpp(127): warning : overloaded virtual function "cv::detail::Blender::prepare" is only partially overridden in class "cv::detail::MultiBandBlender"
  
C:/Users/epour/Documents/GitHub/Picture_contrast_enhance_CUDA/image_enhancer/kernel.cu(53): warning : transfer of control bypasses initialization of:
              variable "size_grid_enhance"
  (88): here
              variable "size_block_enhance"
  (88): here
  
C:/Users/epour/Documents/GitHub/Picture_contrast_enhance_CUDA/image_enhancer/kernel.cu(6): warning C4005: 'MIN': macro redefinition
C:/Users/epour/Documents/GitHub/Picture_contrast_enhance_CUDA/image_enhancer/kernel.cu(7): warning C4005: 'MAX': macro redefinition
C:\Program Files\opencv\build\include\opencv2/stitching/detail/warpers.hpp(213): warning : overloaded virtual function "cv::detail::PlaneWarper::buildMaps" is only partially overridden in class "cv::detail::AffineWarper"
  
C:\Program Files\opencv\build\include\opencv2/stitching/detail/warpers.hpp(213): warning : overloaded virtual function "cv::detail::PlaneWarper::warp" is only partially overridden in class "cv::detail::AffineWarper"
  
C:\Program Files\opencv\build\include\opencv2/stitching/detail/blenders.hpp(100): warning : overloaded virtual function "cv::detail::Blender::prepare" is only partially overridden in class "cv::detail::FeatherBlender"
  
C:\Program Files\opencv\build\include\opencv2/stitching/detail/blenders.hpp(127): warning : overloaded virtual function "cv::detail::Blender::prepare" is only partially overridden in class "cv::detail::MultiBandBlender"
  
C:/Users/epour/Documents/GitHub/Picture_contrast_enhance_CUDA/image_enhancer/kernel.cu(53): warning : transfer of control bypasses initialization of:
              variable "size_grid_enhance"
  (88): here
              variable "size_block_enhance"
  (88): here
  
  kernel.cu
C:/Users/epour/Documents/GitHub/Picture_contrast_enhance_CUDA/image_enhancer/kernel.cu(31): warning C4267: 'initializing': conversion from 'size_t' to 'unsigned int', possible loss of data
  
  C:\Users\epour\Documents\GitHub\Picture_contrast_enhance_CUDA\image_enhancer>"C:\Program Files\NVIDIA GPU Computing Toolkit\CUDA\v10.1\bin\nvcc.exe" -dlink -o x64\Debug\image_enhancer.device-link.obj -Xcompiler "/EHsc /W3 /nologo /Od /Zi /RTC1 /MDd " -L"C:\Program Files\opencv\build\x64\vc14\lib" -L"C:\Program Files\NVIDIA GPU Computing Toolkit\CUDA\v10.1\lib\x64" cudart_static.lib kernel32.lib user32.lib gdi32.lib winspool.lib comdlg32.lib advapi32.lib shell32.lib ole32.lib oleaut32.lib uuid.lib odbc32.lib odbccp32.lib cudadevrt.lib opencv_world420d.lib  -gencode=arch=compute_75,code=sm_75 -gencode=arch=compute_35,code=sm_35 -G --machine 64 x64\Debug\kernel.cu.obj 
  cudart_static.lib
  kernel32.lib
  user32.lib
  gdi32.lib
  winspool.lib
  comdlg32.lib
  advapi32.lib
  shell32.lib
  ole32.lib
  oleaut32.lib
  uuid.lib
  odbc32.lib
  odbccp32.lib
  cudadevrt.lib
  opencv_world420d.lib
  kernel.cu.obj
  image_enhancer.vcxproj -> C:\Users\epour\Documents\GitHub\Picture_contrast_enhance_CUDA\x64\Debug\image_enhancer.exe
